#
# There is insufficient memory for the Java Runtime Environment to continue.
# Native memory allocation (mmap) failed to map 67108864 bytes for G1 virtual space
# Possible reasons:
#   The system is out of physical RAM or swap space
#   The process is running with CompressedOops enabled, and the Java Heap may be blocking the growth of the native heap
# Possible solutions:
#   Reduce memory load on the system
#   Increase physical memory or swap space
#   Check if swap backing store is full
#   Decrease Java heap size (-Xmx/-Xms)
#   Decrease number of Java threads
#   Decrease Java thread stack sizes (-Xss)
#   Set larger code cache with -XX:ReservedCodeCacheSize=
#   JVM is running with Unscaled Compressed Oops mode in which the Java heap is
#     placed in the first 4GB address space. The Java Heap base address is the
#     maximum limit for the native heap growth. Please use -XX:HeapBaseMinAddress
#     to set the Java Heap base and to place the Java Heap above 4GB virtual address.
# This output file may be truncated or incomplete.
#
#  Out of Memory Error (os_windows.cpp:3535), pid=6668, tid=5944
#
# JRE version:  (17.0.3+7) (build )
# Java VM: OpenJDK 64-Bit Server VM (17.0.3+7-LTS, mixed mode, sharing, tiered, compressed oops, compressed class ptrs, g1 gc, windows-amd64)
# No core dump will be written. Minidumps are not enabled by default on client versions of Windows
#

---------------  S U M M A R Y ------------

Command Line: -XX:+ShowCodeDetailsInExceptionMessages Main

Host: Intel(R) Core(TM) i3-5005U CPU @ 2.00GHz, 4 cores, 3G,  Windows 10 , 64 bit Build 19041 (10.0.19041.928)
Time: Sat May 28 01:44:22 2022 Hora oficial do Brasil elapsed time: 0.108215 seconds (0d 0h 0m 0s)

---------------  T H R E A D  ---------------

Current thread (0x00000179604fd3c0):  JavaThread "Unknown thread" [_thread_in_vm, id=5944, stack(0x0000007160800000,0x0000007160900000)]

Stack: [0x0000007160800000,0x0000007160900000]
Native frames: (J=compiled Java code, j=interpreted, Vv=VM code, C=native code)
V  [jvm.dll+0x67aeca]
V  [jvm.dll+0x836504]
V  [jvm.dll+0x837cae]
V  [jvm.dll+0x838313]
V  [jvm.dll+0x248cc5]
V  [jvm.dll+0x677de9]
V  [jvm.dll+0x66c722]
V  [jvm.dll+0x307abb]
V  [jvm.dll+0x30efc6]
V  [jvm.dll+0x35f65e]
V  [jvm.dll+0x35f88f]
V  [jvm.dll+0x2dea28]
V  [jvm.dll+0x2df994]
V  [jvm.dll+0x807d41]
V  [jvm.dll+0x36d3e1]
V  [jvm.dll+0x7e70ac]
V  [jvm.dll+0x3f025f]
V  [jvm.dll+0x3f1de1]
C  [jli.dll+0x527b]
C  [ucrtbase.dll+0x21bb2]
C  [KERNEL32.DLL+0x17034]
C  [ntdll.dll+0x52651]


---------------  P R O C E S S  ---------------

Threads class SMR info:
_java_thread_list=0x00007ffd075d5f58, length=0, elements={
}

Java Threads: ( => current thread )

Other Threads:
  0x0000017960538d00 GCTaskThread "GC Thread#0" [stack: 0x0000007160900000,0x0000007160a00000] [id=5508]
  0x0000017960542920 ConcurrentGCThread "G1 Main Marker" [stack: 0x0000007160a00000,0x0000007160b00000] [id=1396]
  0x0000017960543ad0 ConcurrentGCThread "G1 Conc#0" [stack: 0x0000007160b00000,0x0000007160c00000] [id=3684]

[error occurred during error reporting (printing all threads), id 0xc0000005, EXCEPTION_ACCESS_VIOLATION (0xc0000005) at pc=0x00007ffd06d8f407]

VM state: not at safepoint (not fully initialized)

VM Mutex/Monitor currently owned by a thread:  ([mutex/lock_event])
[0x00000179604f6c50] Heap_lock - owner thread: 0x00000179604fd3c0

Heap address: 0x00000000c1a00000, size: 998 MB, Compressed Oops mode: 32-bit

CDS archive(s) mapped at: [0x0000000000000000-0x0000000000000000-0x0000000000000000), size 0, SharedBaseAddress: 0x0000000800000000, ArchiveRelocationMode: 0.
Narrow klass base: 0x0000000000000000, Narrow klass shift: 0, Narrow klass range: 0x0

GC Precious Log:
<Empty>

Heap:
 garbage-first heap   total 0K, used 0K [0x00000000c1a00000, 0x0000000100000000)
  region size 1024K, 0 young (0K), 0 survivors (0K)

[error occurred during error reporting (printing heap information), id 0xc0000005, EXCEPTION_ACCESS_VIOLATION (0xc0000005) at pc=0x00007ffd07174319]

GC Heap History (0 events):
No events

Deoptimization events (0 events):
No events

Classes unloaded (0 events):
No events

Classes redefined (0 events):
No events

Internal exceptions (0 events):
No events

VM Operations (0 events):
No events

Events (1 events):
Event: 0.028 Loaded shared library C:\Program Files\java\zulu17.34.19-ca-jdk17.0.3-win_x64\bin\java.dll


Dynamic libraries:
0x00007ff6d53c0000 - 0x00007ff6d53ce000 	C:\Program Files\java\zulu17.34.19-ca-jdk17.0.3-win_x64\bin\java.exe
0x00007ffd402f0000 - 0x00007ffd404e5000 	C:\Windows\SYSTEM32\ntdll.dll
0x00007ffd3e8d0000 - 0x00007ffd3e98d000 	C:\Windows\System32\KERNEL32.DLL
0x00007ffd3deb0000 - 0x00007ffd3e178000 	C:\Windows\System32\KERNELBASE.dll
0x00007ffd3da30000 - 0x00007ffd3db30000 	C:\Windows\System32\ucrtbase.dll
0x00007ffd2a6b0000 - 0x00007ffd2a6c8000 	C:\Program Files\java\zulu17.34.19-ca-jdk17.0.3-win_x64\bin\jli.dll
0x00007ffd2a530000 - 0x00007ffd2a54b000 	C:\Program Files\java\zulu17.34.19-ca-jdk17.0.3-win_x64\bin\VCRUNTIME140.dll
0x00007ffd3f090000 - 0x00007ffd3f230000 	C:\Windows\System32\USER32.dll
0x00007ffd3e2a0000 - 0x00007ffd3e2c2000 	C:\Windows\System32\win32u.dll
0x00007ffd2ed80000 - 0x00007ffd2f01a000 	C:\Windows\WinSxS\amd64_microsoft.windows.common-controls_6595b64144ccf1df_6.0.19041.844_none_ca00b6081b84eb1d\COMCTL32.dll
0x00007ffd3e4e0000 - 0x00007ffd3e50a000 	C:\Windows\System32\GDI32.dll
0x00007ffd3e830000 - 0x00007ffd3e8ce000 	C:\Windows\System32\msvcrt.dll
0x00007ffd3dc90000 - 0x00007ffd3dd9b000 	C:\Windows\System32\gdi32full.dll
0x00007ffd3e180000 - 0x00007ffd3e21d000 	C:\Windows\System32\msvcp_win.dll
0x00007ffd3ef50000 - 0x00007ffd3ef80000 	C:\Windows\System32\IMM32.DLL
0x00007ffd30b60000 - 0x00007ffd30b6c000 	C:\Program Files\java\zulu17.34.19-ca-jdk17.0.3-win_x64\bin\vcruntime140_1.dll
0x00007ffd22c30000 - 0x00007ffd22cbd000 	C:\Program Files\java\zulu17.34.19-ca-jdk17.0.3-win_x64\bin\msvcp140.dll
0x00007ffd06aa0000 - 0x00007ffd07708000 	C:\Program Files\java\zulu17.34.19-ca-jdk17.0.3-win_x64\bin\server\jvm.dll
0x00007ffd3e780000 - 0x00007ffd3e82c000 	C:\Windows\System32\ADVAPI32.dll
0x00007ffd3f7e0000 - 0x00007ffd3f87b000 	C:\Windows\System32\sechost.dll
0x00007ffd3e350000 - 0x00007ffd3e47b000 	C:\Windows\System32\RPCRT4.dll
0x00007ffd40240000 - 0x00007ffd40248000 	C:\Windows\System32\PSAPI.DLL
0x00007ffd30cb0000 - 0x00007ffd30cb9000 	C:\Windows\SYSTEM32\WSOCK32.dll
0x00007ffd2ecc0000 - 0x00007ffd2ece7000 	C:\Windows\SYSTEM32\WINMM.dll
0x00007ffd3ef90000 - 0x00007ffd3effb000 	C:\Windows\System32\WS2_32.dll
0x00007ffd302d0000 - 0x00007ffd302da000 	C:\Windows\SYSTEM32\VERSION.dll
0x00007ffd3b980000 - 0x00007ffd3b992000 	C:\Windows\SYSTEM32\kernel.appcore.dll
0x00007ffd30aa0000 - 0x00007ffd30aaa000 	C:\Program Files\java\zulu17.34.19-ca-jdk17.0.3-win_x64\bin\jimage.dll
0x00007ffd2c6a0000 - 0x00007ffd2c884000 	C:\Windows\SYSTEM32\DBGHELP.DLL
0x00007ffd30370000 - 0x00007ffd3039c000 	C:\Windows\SYSTEM32\dbgcore.DLL
0x00007ffd3e2d0000 - 0x00007ffd3e350000 	C:\Windows\System32\bcryptPrimitives.dll
0x00007ffd28f80000 - 0x00007ffd28fa5000 	C:\Program Files\java\zulu17.34.19-ca-jdk17.0.3-win_x64\bin\java.dll

dbghelp: loaded successfully - version: 4.0.5 - missing functions: none
symbol engine: initialized successfully - sym options: 0x614 - pdb path: .;C:\Program Files\java\zulu17.34.19-ca-jdk17.0.3-win_x64\bin;C:\Windows\SYSTEM32;C:\Windows\WinSxS\amd64_microsoft.windows.common-controls_6595b64144ccf1df_6.0.19041.844_none_ca00b6081b84eb1d;C:\Program Files\java\zulu17.34.19-ca-jdk17.0.3-win_x64\bin\server

VM Arguments:
jvm_args: -XX:+ShowCodeDetailsInExceptionMessages 
java_command: Main
java_class_path (initial): C:\Dio\Java\lab-banco-digital-oo-master\bin
Launcher Type: SUN_STANDARD

[Global flags]
     intx CICompilerCount                          = 3                                         {product} {ergonomic}
     uint ConcGCThreads                            = 1                                         {product} {ergonomic}
     uint G1ConcRefinementThreads                  = 4                                         {product} {ergonomic}
   size_t G1HeapRegionSize                         = 1048576                                   {product} {ergonomic}
    uintx GCDrainStackTargetSize                   = 64                                        {product} {ergonomic}
   size_t InitialHeapSize                          = 67108864                                  {product} {ergonomic}
   size_t MarkStackSize                            = 4194304                                   {product} {ergonomic}
   size_t MaxHeapSize                              = 1046478848                                {product} {ergonomic}
   size_t MinHeapDeltaBytes                        = 1048576                                   {product} {ergonomic}
   size_t MinHeapSize                              = 8388608                                   {product} {ergonomic}
    uintx NonNMethodCodeHeapSize                   = 5832780                                {pd product} {ergonomic}
    uintx NonProfiledCodeHeapSize                  = 122912730                              {pd product} {ergonomic}
    uintx ProfiledCodeHeapSize                     = 122912730                              {pd product} {ergonomic}
    uintx ReservedCodeCacheSize                    = 251658240                              {pd product} {ergonomic}
     bool SegmentedCodeCache                       = true                                      {product} {ergonomic}
     bool ShowCodeDetailsInExceptionMessages       = true                                   {manageable} {command line}
   size_t SoftMaxHeapSize                          = 1046478848                             {manageable} {ergonomic}
     bool UseCompressedClassPointers               = true                           {product lp64_product} {ergonomic}
     bool UseCompressedOops                        = true                           {product lp64_product} {ergonomic}
     bool UseG1GC                                  = true                                      {product} {ergonomic}
     bool UseLargePagesIndividualAllocation        = false                                  {pd product} {ergonomic}

Logging:
Log output configuration:
 #0: stdout all=warning uptime,level,tags
 #1: stderr all=off uptime,level,tags

Environment Variables:
JAVA_HOME=C:\Program Files\java\zulu17.34.19-ca-jdk17.0.3-win_x64
PATH=C:\Program Files\java\zulu17.34.19-ca-jdk17.0.3-win_x64\bin;C:\Python310\Scripts\;C:\Python310\;C:\Windows\system32;C:\Windows;C:\Windows\System32\Wbem;C:\Windows\System32\WindowsPowerShell\v1.0\;C:\Windows\System32\OpenSSH\;C:\Users\User\AppData\Local\Android\Sdk\platform-tools;C:\Users\User\AppData\Local\Microsoft\WindowsApps;C:\IntelliJ IDEA Community Edition 2021.1.3\bin;C:\adb;C:\Program Files\nodejs\;C:\ProgramData\chocolatey\bin;C:\Program Files\Git\cmd;C:\Program Files\Microsoft SQL Server\Client SDK\ODBC\170\Tools\Binn\;C:\Program Files (x86)\Microsoft SQL Server\150\Tools\Binn\;C:\Program Files\Microsoft SQL Server\150\Tools\Binn\;C:\Program Files\Microsoft SQL Server\150\DTS\Binn\;C:\Program Files\Azure Data Studio\bin;C:\Users\User\AppData\Local\Microsoft\WindowsApps;C:\Program Files\JetBrains\IntelliJ IDEA Community Edition 2022.1.1\bin;;C:\Users\User\AppData\Local\Android\Sdk\platform-tools;;C:\Users\User\AppData\Local\Programs\Microsoft VS Code\bin;C:\Users\User\AppData\Roaming\npm;C:\Program Files\Azure Data Studio\bin
USERNAME=User
LANG=pt_BR.UTF-8
OS=Windows_NT
PROCESSOR_IDENTIFIER=Intel64 Family 6 Model 61 Stepping 4, GenuineIntel



---------------  S Y S T E M  ---------------

OS:
 Windows 10 , 64 bit Build 19041 (10.0.19041.928)
OS uptime: 3 days 6:50 hours

CPU: total 4 (initial active 4) (2 cores per cpu, 2 threads per core) family 6 model 61 stepping 4 microcode 0x2d, cx8, cmov, fxsr, ht, mmx, 3dnowpref, sse, sse2, sse3, ssse3, sse4.1, sse4.2, popcnt, lzcnt, tsc, tscinvbit, avx, avx2, aes, erms, clmul, bmi1, bmi2, adx, fma, vzeroupper, clflush

Memory: 4k page, system-wide physical 3991M (371M free)
TotalPageFile size 3991M (AvailPageFile size 31M)
current process WorkingSet (physical memory assigned to process): 10M, peak: 10M
current process commit charge ("private bytes"): 51M, peak: 115M

vm_info: OpenJDK 64-Bit Server VM (17.0.3+7-LTS) for windows-amd64 JRE (17.0.3+7-LTS) (Zulu17.34+19-CA), built on Apr 17 2022 09:18:41 by "zulu_re" with MS VC++ 16.10 / 16.11 (VS2019)

END.
